[2017-08-17 03:14:17] local.ERROR: exception 'PDOException' with message 'SQLSTATE[42S02]: Base table or view not found: 1146 Table 'visionin_international.users' doesn't exist' in /home/visioninternatio/project/vision-international-backend/vendor/laravel/framework/src/Illuminate/Database/Connection.php:319
Stack trace:
#0 /home/visioninternatio/project/vision-international-backend/vendor/laravel/framework/src/Illuminate/Database/Connection.php(319): PDO->prepare('select * from `...')
#1 /home/visioninternatio/project/vision-international-backend/vendor/laravel/framework/src/Illuminate/Database/Connection.php(640): Illuminate\Database\Connection->Illuminate\Database\{closure}('select * from `...', Array)
#2 /home/visioninternatio/project/vision-international-backend/vendor/laravel/framework/src/Illuminate/Database/Connection.php(607): Illuminate\Database\Connection->runQueryCallback('select * from `...', Array, Object(Closure))
#3 /home/visioninternatio/project/vision-international-backend/vendor/laravel/framework/src/Illuminate/Database/Connection.php(326): Illuminate\Database\Connection->run('select * from `...', Array, Object(Closure))
#4 /home/visioninternatio/project/vision-international-backend/vendor/laravel/framework/src/Illuminate/Database/Query/Builder.php(1712): Illuminate\Database\Connection->select('select * from `...', Array, true)
#5 /home/visioninternatio/project/vision-international-backend/vendor/laravel/framework/src/Illuminate/Database/Query/Builder.php(1696): Illuminate\Database\Query\Builder->runSelect()
#6 /home/visioninternatio/project/vision-international-backend/vendor/laravel/framework/src/Illuminate/Database/Eloquent/Builder.php(462): Illuminate\Database\Query\Builder->get(Array)
#7 /home/visioninternatio/project/vision-international-backend/vendor/laravel/framework/src/Illuminate/Database/Eloquent/Builder.php(446): Illuminate\Database\Eloquent\Builder->getModels(Array)
#8 /home/visioninternatio/project/vision-international-backend/vendor/laravel/framework/src/Illuminate/Database/Concerns/BuildsQueries.php(75): Illuminate\Database\Eloquent\Builder->get(Array)
#9 /home/visioninternatio/project/vision-international-backend/vendor/laravel/framework/src/Illuminate/Auth/EloquentUserProvider.php(114): Illuminate\Database\Eloquent\Builder->first()
#10 /home/visioninternatio/project/vision-international-backend/vendor/laravel/framework/src/Illuminate/Auth/SessionGuard.php(352): Illuminate\Auth\EloquentUserProvider->retrieveByCredentials(Array)
#11 /home/visioninternatio/project/vision-international-backend/vendor/laravel/framework/src/Illuminate/Auth/AuthManager.php(294): Illuminate\Auth\SessionGuard->attempt(Array)
#12 /home/visioninternatio/project/vision-international-backend/vendor/laravel/framework/src/Illuminate/Support/Facades/Facade.php(221): Illuminate\Auth\AuthManager->__call('attempt', Array)
#13 /home/visioninternatio/project/vision-international-backend/vendor/laravel/framework/src/Illuminate/Support/Facades/Facade.php(221): Illuminate\Auth\AuthManager->attempt(Array)
#14 /home/visioninternatio/project/vision-international-backend/app/Http/Controllers/CustomAuth/LoginController.php(24): Illuminate\Support\Facades\Facade::__callStatic('attempt', Array)
#15 /home/visioninternatio/project/vision-international-backend/app/Http/Controllers/CustomAuth/LoginController.php(24): Illuminate\Support\Facades\Auth::attempt(Array)
#16 [internal function]: App\Http\Controllers\CustomAuth\LoginController->auth()
#17 /home/visioninternatio/project/vision-international-backend/vendor/laravel/framework/src/Illuminate/Routing/Controller.php(55): call_user_func_array(Array, Array)
#18 /home/visioninternatio/project/vision-international-backend/vendor/laravel/framework/src/Illuminate/Routing/ControllerDispatcher.php(44): Illuminate\Routing\Controller->callAction('auth', Array)
#19 /home/visioninternatio/project/vision-international-backend/vendor/laravel/framework/src/Illuminate/Routing/Route.php(204): Illuminate\Routing\ControllerDispatcher->dispatch(Object(Illuminate\Routing\Route), Object(App\Http\Controllers\CustomAuth\LoginController), 'auth')
#20 /home/visioninternatio/project/vision-international-backend/vendor/laravel/framework/src/Illuminate/Routing/Route.php(160): Illuminate\Routing\Route->runController()
#21 /home/visioninternatio/project/vision-international-backend/vendor/laravel/framework/src/Illuminate/Routing/Router.php(574): Illuminate\Routing\Route->run()
#22 /home/visioninternatio/project/vision-international-backend/vendor/laravel/framework/src/Illuminate/Routing/Pipeline.php(30): Illuminate\Routing\Router->Illuminate\Routing\{closure}(Object(Illuminate\Http\Request))
#23 /home/visioninternatio/project/vision-international-backend/vendor/laravel/framework/src/Illuminate/Routing/Middleware/SubstituteBindings.php(41): Illuminate\Routing\Pipeline->Illuminate\Routing\{closure}(Object(Illuminate\Http\Request))
#24 /home/visioninternatio/project/vision-international-backend/vendor/laravel/framework/src/Illuminate/Pipeline/Pipeline.php(148): Illuminate\Routing\Middleware\SubstituteBindings->handle(Object(Illuminate\Http\Request), Object(Closure))
#25 /home/visioninternatio/project/vision-international-backend/vendor/laravel/framework/src/Illuminate/Routing/Pipeline.php(53): Illuminate\Pipeline\Pipeline->Illuminate\Pipeline\{closure}(Object(Illuminate\Http\Request))
#26 /home/visioninternatio/project/vision-international-backend/vendor/laravel/framework/src/Illuminate/Foundation/Http/Middleware/VerifyCsrfToken.php(65): Illuminate\Routing\Pipeline->Illuminate\Routing\{closure}(Object(Illuminate\Http\Request))
#27 /home/visioninternatio/project/vision-international-backend/vendor/laravel/framework/src/Illuminate/Pipeline/Pipeline.php(148): Illuminate\Foundation\Http\Middleware\VerifyCsrfToken->handle(Object(Illuminate\Http\Request), Object(Closure))
#28 /home/visioninternatio/project/vision-international-backend/vendor/laravel/framework/src/Illuminate/Routing/Pipeline.php(53): Illuminate\Pipeline\Pipeline->Illuminate\Pipeline\{closure}(Object(Illuminate\Http\Request))
#29 /home/visioninternatio/project/vision-international-backend/vendor/laravel/framework/src/Illuminate/View/Middleware/ShareErrorsFromSession.php(49): Illuminate\Routing\Pipeline->Illuminate\Routing\{closure}(Object(Illuminate\Http\Request))
#30 /home/visioninternatio/project/vision-international-backend/vendor/laravel/framework/src/Illuminate/Pipeline/Pipeline.php(148): Illuminate\View\Middleware\ShareErrorsFromSession->handle(Object(Illuminate\Http\Request), Object(Closure))
#31 /home/visioninternatio/project/vision-international-backend/vendor/laravel/framework/src/Illuminate/Routing/Pipeline.php(53): Illuminate\Pipeline\Pipeline->Illuminate\Pipeline\{closure}(Object(Illuminate\Http\Request))
#32 /home/visioninternatio/project/vision-international-backend/vendor/laravel/framework/src/Illuminate/Session/Middleware/StartSession.php(64): Illuminate\Routing\Pipeline->Illuminate\Routing\{closure}(Object(Illuminate\Http\Request))
#33 /home/visioninternatio/project/vision-international-backend/vendor/laravel/framework/src/Illuminate/Pipeline/Pipeline.php(148): Illuminate\Session\Middleware\StartSession->handle(Object(Illuminate\Http\Request), Object(Closure))
#34 /home/visioninternatio/project/vision-international-backend/vendor/laravel/framework/src/Illuminate/Routing/Pipeline.php(53): Illuminate\Pipeline\Pipeline->Illuminate\Pipeline\{closure}(Object(Illuminate\Http\Request))
#35 /home/visioninternatio/project/vision-international-backend/vendor/laravel/framework/src/Illuminate/Cookie/Middleware/AddQueuedCookiesToResponse.php(37): Illuminate\Routing\Pipeline->Illuminate\Routing\{closure}(Object(Illuminate\Http\Request))
#36 /home/visioninternatio/project/vision-international-backend/vendor/laravel/framework/src/Illuminate/Pipeline/Pipeline.php(148): Illuminate\Cookie\Middleware\AddQueuedCookiesToResponse->handle(Object(Illuminate\Http\Request), Object(Closure))
#37 /home/visioninternatio/project/vision-international-backend/vendor/laravel/framework/src/Illuminate/Routing/Pipeline.php(53): Illuminate\Pipeline\Pipeline->Illuminate\Pipeline\{closure}(Object(Illuminate\Http\Request))
#38 /home/visioninternatio/project/vision-international-backend/vendor/laravel/framework/src/Illuminate/Cookie/Middleware/EncryptCookies.php(59): Illuminate\Routing\Pipeline->Illuminate\Routing\{closure}(Object(Illuminate\Http\Request))
#39 /home/visioninternatio/project/vision-international-backend/vendor/laravel/framework/src/Illuminate/Pipeline/Pipeline.php(148): Illuminate\Cookie\Middleware\EncryptCookies->handle(Object(Illuminate\Http\Request), Object(Closure))
#40 /home/visioninternatio/project/vision-international-backend/vendor/laravel/framework/src/Illuminate/Routing/Pipeline.php(53): Illuminate\Pipeline\Pipeline->Illuminate\Pipeline\{closure}(Object(Illuminate\Http\Request))
#41 /home/visioninternatio/project/vision-international-backend/vendor/laravel/framework/src/Illuminate/Pipeline/Pipeline.php(102): Illuminate\Routing\Pipeline->Illuminate\Routing\{closure}(Object(Illuminate\Http\Request))
#42 /home/visioninternatio/project/vision-international-backend/vendor/laravel/framework/src/Illuminate/Routing/Router.php(576): Illuminate\Pipeline\Pipeline->then(Object(Closure))
#43 /home/visioninternatio/project/vision-international-backend/vendor/laravel/framework/src/Illuminate/Routing/Router.php(535): Illuminate\Routing\Router->runRouteWithinStack(Object(Illuminate\Routing\Route), Object(Illuminate\Http\Request))
#44 /home/visioninternatio/project/vision-international-backend/vendor/laravel/framework/src/Illuminate/Routing/Router.php(513): Illuminate\Routing\Router->dispatchToRoute(Object(Illuminate\Http\Request))
#45 /home/visioninternatio/project/vision-international-backend/vendor/laravel/framework/src/Illuminate/Foundation/Http/Kernel.php(176): Illuminate\Routing\Router->dispatch(Object(Illuminate\Http\Request))
#46 /home/visioninternatio/project/vision-international-backend/vendor/laravel/framework/src/Illuminate/Routing/Pipeline.php(30): Illuminate\Foundation\Http\Kernel->Illuminate\Foundation\Http\{closure}(Object(Illuminate\Http\Request))
#47 /home/visioninternatio/project/vision-international-backend/vendor/laravel/framework/src/Illuminate/Foundation/Http/Middleware/TransformsRequest.php(30): Illuminate\Routing\Pipeline->Illuminate\Routing\{closure}(Object(Illuminate\Http\Request))
#48 /home/visioninternatio/project/vision-international-backend/vendor/laravel/framework/src/Illuminate/Pipeline/Pipeline.php(148): Illuminate\Foundation\Http\Middleware\TransformsRequest->handle(Object(Illuminate\Http\Request), Object(Closure))
#49 /home/visioninternatio/project/vision-international-backend/vendor/laravel/framework/src/Illuminate/Routing/Pipeline.php(53): Illuminate\Pipeline\Pipeline->Illuminate\Pipeline\{closure}(Object(Illuminate\Http\Request))
#50 /home/visioninternatio/project/vision-international-backend/vendor/laravel/framework/src/Illuminate/Foundation/Http/Middleware/TransformsRequest.php(30): Illuminate\Routing\Pipeline->Illuminate\Routing\{closure}(Object(Illuminate\Http\Request))
#51 /home/visioninternatio/project/vision-international-backend/vendor/laravel/framework/src/Illuminate/Pipeline/Pipeline.php(148): Illuminate\Foundation\Http\Middleware\TransformsRequest->handle(Object(Illuminate\Http\Request), Object(Closure))
#52 /home/visioninternatio/project/vision-international-backend/vendor/laravel/framework/src/Illuminate/Routing/Pipeline.php(53): Illuminate\Pipeline\Pipeline->Illuminate\Pipeline\{closure}(Object(Illuminate\Http\Request))
#53 /home/visioninternatio/project/vision-international-backend/vendor/laravel/framework/src/Illuminate/Foundation/Http/Middleware/ValidatePostSize.php(27): Illuminate\Routing\Pipeline->Illuminate\Routing\{closure}(Object(Illuminate\Http\Request))
#54 /home/visioninternatio/project/vision-international-backend/vendor/laravel/framework/src/Illuminate/Pipeline/Pipeline.php(148): Illuminate\Foundation\Http\Middleware\ValidatePostSize->handle(Object(Illuminate\Http\Request), Object(Closure))
#55 /home/visioninternatio/project/vision-international-backend/vendor/laravel/framework/src/Illuminate/Routing/Pipeline.php(53): Illuminate\Pipeline\Pipeline->Illuminate\Pipeline\{closure}(Object(Illuminate\Http\Request))
#56 /home/visioninternatio/project/vision-international-backend/vendor/laravel/framework/src/Illuminate/Foundation/Http/Middleware/CheckForMaintenanceMode.php(46): Illuminate\Routing\Pipeline->Illuminate\Routing\{closure}(Object(Illuminate\Http\Request))
#57 /home/visioninternatio/project/vision-international-backend/vendor/laravel/framework/src/Illuminate/Pipeline/Pipeline.php(148): Illuminate\Foundation\Http\Middleware\CheckForMaintenanceMode->handle(Object(Illuminate\Http\Request), Object(Closure))
#58 /home/visioninternatio/project/vision-international-backend/vendor/laravel/framework/src/Illuminate/Routing/Pipeline.php(53): Illuminate\Pipeline\Pipeline->Illuminate\Pipeline\{closure}(Object(Illuminate\Http\Request))
#59 /home/visioninternatio/project/vision-international-backend/vendor/laravel/framework/src/Illuminate/Pipeline/Pipeline.php(102): Illuminate\Routing\Pipeline->Illuminate\Routing\{closure}(Object(Illuminate\Http\Request))
#60 /home/visioninternatio/project/vision-international-backend/vendor/laravel/framework/src/Illuminate/Foundation/Http/Kernel.php(151): Illuminate\Pipeline\Pipeline->then(Object(Closure))
#61 /home/visioninternatio/project/vision-international-backend/vendor/laravel/framework/src/Illuminate/Foundation/Http/Kernel.php(116): Illuminate\Foundation\Http\Kernel->sendRequestThroughRouter(Object(Illuminate\Http\Request))
#62 /home/visioninternatio/project/vision-international-backend/public/index.php(54): Illuminate\Foundation\Http\Kernel->handle(Object(Illuminate\Http\Request))
#63 {main}

Next exception 'Illuminate\Database\QueryException' with message 'SQLSTATE[42S02]: Base table or view not found: 1146 Table 'visionin_international.users' doesn't exist (SQL: select * from `users` where `email` = sad@test.com limit 1)' in /home/visioninternatio/project/vision-international-backend/vendor/laravel/framework/src/Illuminate/Database/Connection.php:647
Stack trace:
#0 /home/visioninternatio/project/vision-international-backend/vendor/laravel/framework/src/Illuminate/Database/Connection.php(607): Illuminate\Database\Connection->runQueryCallback('select * from `...', Array, Object(Closure))
#1 /home/visioninternatio/project/vision-international-backend/vendor/laravel/framework/src/Illuminate/Database/Connection.php(326): Illuminate\Database\Connection->run('select * from `...', Array, Object(Closure))
#2 /home/visioninternatio/project/vision-international-backend/vendor/laravel/framework/src/Illuminate/Database/Query/Builder.php(1712): Illuminate\Database\Connection->select('select * from `...', Array, true)
#3 /home/visioninternatio/project/vision-international-backend/vendor/laravel/framework/src/Illuminate/Database/Query/Builder.php(1696): Illuminate\Database\Query\Builder->runSelect()
#4 /home/visioninternatio/project/vision-international-backend/vendor/laravel/framework/src/Illuminate/Database/Eloquent/Builder.php(462): Illuminate\Database\Query\Builder->get(Array)
#5 /home/visioninternatio/project/vision-international-backend/vendor/laravel/framework/src/Illuminate/Database/Eloquent/Builder.php(446): Illuminate\Database\Eloquent\Builder->getModels(Array)
#6 /home/visioninternatio/project/vision-international-backend/vendor/laravel/framework/src/Illuminate/Database/Concerns/BuildsQueries.php(75): Illuminate\Database\Eloquent\Builder->get(Array)
#7 /home/visioninternatio/project/vision-international-backend/vendor/laravel/framework/src/Illuminate/Auth/EloquentUserProvider.php(114): Illuminate\Database\Eloquent\Builder->first()
#8 /home/visioninternatio/project/vision-international-backend/vendor/laravel/framework/src/Illuminate/Auth/SessionGuard.php(352): Illuminate\Auth\EloquentUserProvider->retrieveByCredentials(Array)
#9 /home/visioninternatio/project/vision-international-backend/vendor/laravel/framework/src/Illuminate/Auth/AuthManager.php(294): Illuminate\Auth\SessionGuard->attempt(Array)
#10 /home/visioninternatio/project/vision-international-backend/vendor/laravel/framework/src/Illuminate/Support/Facades/Facade.php(221): Illuminate\Auth\AuthManager->__call('attempt', Array)
#11 /home/visioninternatio/project/vision-international-backend/vendor/laravel/framework/src/Illuminate/Support/Facades/Facade.php(221): Illuminate\Auth\AuthManager->attempt(Array)
#12 /home/visioninternatio/project/vision-international-backend/app/Http/Controllers/CustomAuth/LoginController.php(24): Illuminate\Support\Facades\Facade::__callStatic('attempt', Array)
#13 /home/visioninternatio/project/vision-international-backend/app/Http/Controllers/CustomAuth/LoginController.php(24): Illuminate\Support\Facades\Auth::attempt(Array)
#14 [internal function]: App\Http\Controllers\CustomAuth\LoginController->auth()
#15 /home/visioninternatio/project/vision-international-backend/vendor/laravel/framework/src/Illuminate/Routing/Controller.php(55): call_user_func_array(Array, Array)
#16 /home/visioninternatio/project/vision-international-backend/vendor/laravel/framework/src/Illuminate/Routing/ControllerDispatcher.php(44): Illuminate\Routing\Controller->callAction('auth', Array)
#17 /home/visioninternatio/project/vision-international-backend/vendor/laravel/framework/src/Illuminate/Routing/Route.php(204): Illuminate\Routing\ControllerDispatcher->dispatch(Object(Illuminate\Routing\Route), Object(App\Http\Controllers\CustomAuth\LoginController), 'auth')
#18 /home/visioninternatio/project/vision-international-backend/vendor/laravel/framework/src/Illuminate/Routing/Route.php(160): Illuminate\Routing\Route->runController()
#19 /home/visioninternatio/project/vision-international-backend/vendor/laravel/framework/src/Illuminate/Routing/Router.php(574): Illuminate\Routing\Route->run()
#20 /home/visioninternatio/project/vision-international-backend/vendor/laravel/framework/src/Illuminate/Routing/Pipeline.php(30): Illuminate\Routing\Router->Illuminate\Routing\{closure}(Object(Illuminate\Http\Request))
#21 /home/visioninternatio/project/vision-international-backend/vendor/laravel/framework/src/Illuminate/Routing/Middleware/SubstituteBindings.php(41): Illuminate\Routing\Pipeline->Illuminate\Routing\{closure}(Object(Illuminate\Http\Request))
#22 /home/visioninternatio/project/vision-international-backend/vendor/laravel/framework/src/Illuminate/Pipeline/Pipeline.php(148): Illuminate\Routing\Middleware\SubstituteBindings->handle(Object(Illuminate\Http\Request), Object(Closure))
#23 /home/visioninternatio/project/vision-international-backend/vendor/laravel/framework/src/Illuminate/Routing/Pipeline.php(53): Illuminate\Pipeline\Pipeline->Illuminate\Pipeline\{closure}(Object(Illuminate\Http\Request))
#24 /home/visioninternatio/project/vision-international-backend/vendor/laravel/framework/src/Illuminate/Foundation/Http/Middleware/VerifyCsrfToken.php(65): Illuminate\Routing\Pipeline->Illuminate\Routing\{closure}(Object(Illuminate\Http\Request))
#25 /home/visioninternatio/project/vision-international-backend/vendor/laravel/framework/src/Illuminate/Pipeline/Pipeline.php(148): Illuminate\Foundation\Http\Middleware\VerifyCsrfToken->handle(Object(Illuminate\Http\Request), Object(Closure))
#26 /home/visioninternatio/project/vision-international-backend/vendor/laravel/framework/src/Illuminate/Routing/Pipeline.php(53): Illuminate\Pipeline\Pipeline->Illuminate\Pipeline\{closure}(Object(Illuminate\Http\Request))
#27 /home/visioninternatio/project/vision-international-backend/vendor/laravel/framework/src/Illuminate/View/Middleware/ShareErrorsFromSession.php(49): Illuminate\Routing\Pipeline->Illuminate\Routing\{closure}(Object(Illuminate\Http\Request))
#28 /home/visioninternatio/project/vision-international-backend/vendor/laravel/framework/src/Illuminate/Pipeline/Pipeline.php(148): Illuminate\View\Middleware\ShareErrorsFromSession->handle(Object(Illuminate\Http\Request), Object(Closure))
#29 /home/visioninternatio/project/vision-international-backend/vendor/laravel/framework/src/Illuminate/Routing/Pipeline.php(53): Illuminate\Pipeline\Pipeline->Illuminate\Pipeline\{closure}(Object(Illuminate\Http\Request))
#30 /home/visioninternatio/project/vision-international-backend/vendor/laravel/framework/src/Illuminate/Session/Middleware/StartSession.php(64): Illuminate\Routing\Pipeline->Illuminate\Routing\{closure}(Object(Illuminate\Http\Request))
#31 /home/visioninternatio/project/vision-international-backend/vendor/laravel/framework/src/Illuminate/Pipeline/Pipeline.php(148): Illuminate\Session\Middleware\StartSession->handle(Object(Illuminate\Http\Request), Object(Closure))
#32 /home/visioninternatio/project/vision-international-backend/vendor/laravel/framework/src/Illuminate/Routing/Pipeline.php(53): Illuminate\Pipeline\Pipeline->Illuminate\Pipeline\{closure}(Object(Illuminate\Http\Request))
#33 /home/visioninternatio/project/vision-international-backend/vendor/laravel/framework/src/Illuminate/Cookie/Middleware/AddQueuedCookiesToResponse.php(37): Illuminate\Routing\Pipeline->Illuminate\Routing\{closure}(Object(Illuminate\Http\Request))
#34 /home/visioninternatio/project/vision-international-backend/vendor/laravel/framework/src/Illuminate/Pipeline/Pipeline.php(148): Illuminate\Cookie\Middleware\AddQueuedCookiesToResponse->handle(Object(Illuminate\Http\Request), Object(Closure))
#35 /home/visioninternatio/project/vision-international-backend/vendor/laravel/framework/src/Illuminate/Routing/Pipeline.php(53): Illuminate\Pipeline\Pipeline->Illuminate\Pipeline\{closure}(Object(Illuminate\Http\Request))
#36 /home/visioninternatio/project/vision-international-backend/vendor/laravel/framework/src/Illuminate/Cookie/Middleware/EncryptCookies.php(59): Illuminate\Routing\Pipeline->Illuminate\Routing\{closure}(Object(Illuminate\Http\Request))
#37 /home/visioninternatio/project/vision-international-backend/vendor/laravel/framework/src/Illuminate/Pipeline/Pipeline.php(148): Illuminate\Cookie\Middleware\EncryptCookies->handle(Object(Illuminate\Http\Request), Object(Closure))
#38 /home/visioninternatio/project/vision-international-backend/vendor/laravel/framework/src/Illuminate/Routing/Pipeline.php(53): Illuminate\Pipeline\Pipeline->Illuminate\Pipeline\{closure}(Object(Illuminate\Http\Request))
#39 /home/visioninternatio/project/vision-international-backend/vendor/laravel/framework/src/Illuminate/Pipeline/Pipeline.php(102): Illuminate\Routing\Pipeline->Illuminate\Routing\{closure}(Object(Illuminate\Http\Request))
#40 /home/visioninternatio/project/vision-international-backend/vendor/laravel/framework/src/Illuminate/Routing/Router.php(576): Illuminate\Pipeline\Pipeline->then(Object(Closure))
#41 /home/visioninternatio/project/vision-international-backend/vendor/laravel/framework/src/Illuminate/Routing/Router.php(535): Illuminate\Routing\Router->runRouteWithinStack(Object(Illuminate\Routing\Route), Object(Illuminate\Http\Request))
#42 /home/visioninternatio/project/vision-international-backend/vendor/laravel/framework/src/Illuminate/Routing/Router.php(513): Illuminate\Routing\Router->dispatchToRoute(Object(Illuminate\Http\Request))
#43 /home/visioninternatio/project/vision-international-backend/vendor/laravel/framework/src/Illuminate/Foundation/Http/Kernel.php(176): Illuminate\Routing\Router->dispatch(Object(Illuminate\Http\Request))
#44 /home/visioninternatio/project/vision-international-backend/vendor/laravel/framework/src/Illuminate/Routing/Pipeline.php(30): Illuminate\Foundation\Http\Kernel->Illuminate\Foundation\Http\{closure}(Object(Illuminate\Http\Request))
#45 /home/visioninternatio/project/vision-international-backend/vendor/laravel/framework/src/Illuminate/Foundation/Http/Middleware/TransformsRequest.php(30): Illuminate\Routing\Pipeline->Illuminate\Routing\{closure}(Object(Illuminate\Http\Request))
#46 /home/visioninternatio/project/vision-international-backend/vendor/laravel/framework/src/Illuminate/Pipeline/Pipeline.php(148): Illuminate\Foundation\Http\Middleware\TransformsRequest->handle(Object(Illuminate\Http\Request), Object(Closure))
#47 /home/visioninternatio/project/vision-international-backend/vendor/laravel/framework/src/Illuminate/Routing/Pipeline.php(53): Illuminate\Pipeline\Pipeline->Illuminate\Pipeline\{closure}(Object(Illuminate\Http\Request))
#48 /home/visioninternatio/project/vision-international-backend/vendor/laravel/framework/src/Illuminate/Foundation/Http/Middleware/TransformsRequest.php(30): Illuminate\Routing\Pipeline->Illuminate\Routing\{closure}(Object(Illuminate\Http\Request))
#49 /home/visioninternatio/project/vision-international-backend/vendor/laravel/framework/src/Illuminate/Pipeline/Pipeline.php(148): Illuminate\Foundation\Http\Middleware\TransformsRequest->handle(Object(Illuminate\Http\Request), Object(Closure))
#50 /home/visioninternatio/project/vision-international-backend/vendor/laravel/framework/src/Illuminate/Routing/Pipeline.php(53): Illuminate\Pipeline\Pipeline->Illuminate\Pipeline\{closure}(Object(Illuminate\Http\Request))
#51 /home/visioninternatio/project/vision-international-backend/vendor/laravel/framework/src/Illuminate/Foundation/Http/Middleware/ValidatePostSize.php(27): Illuminate\Routing\Pipeline->Illuminate\Routing\{closure}(Object(Illuminate\Http\Request))
#52 /home/visioninternatio/project/vision-international-backend/vendor/laravel/framework/src/Illuminate/Pipeline/Pipeline.php(148): Illuminate\Foundation\Http\Middleware\ValidatePostSize->handle(Object(Illuminate\Http\Request), Object(Closure))
#53 /home/visioninternatio/project/vision-international-backend/vendor/laravel/framework/src/Illuminate/Routing/Pipeline.php(53): Illuminate\Pipeline\Pipeline->Illuminate\Pipeline\{closure}(Object(Illuminate\Http\Request))
#54 /home/visioninternatio/project/vision-international-backend/vendor/laravel/framework/src/Illuminate/Foundation/Http/Middleware/CheckForMaintenanceMode.php(46): Illuminate\Routing\Pipeline->Illuminate\Routing\{closure}(Object(Illuminate\Http\Request))
#55 /home/visioninternatio/project/vision-international-backend/vendor/laravel/framework/src/Illuminate/Pipeline/Pipeline.php(148): Illuminate\Foundation\Http\Middleware\CheckForMaintenanceMode->handle(Object(Illuminate\Http\Request), Object(Closure))
#56 /home/visioninternatio/project/vision-international-backend/vendor/laravel/framework/src/Illuminate/Routing/Pipeline.php(53): Illuminate\Pipeline\Pipeline->Illuminate\Pipeline\{closure}(Object(Illuminate\Http\Request))
#57 /home/visioninternatio/project/vision-international-backend/vendor/laravel/framework/src/Illuminate/Pipeline/Pipeline.php(102): Illuminate\Routing\Pipeline->Illuminate\Routing\{closure}(Object(Illuminate\Http\Request))
#58 /home/visioninternatio/project/vision-international-backend/vendor/laravel/framework/src/Illuminate/Foundation/Http/Kernel.php(151): Illuminate\Pipeline\Pipeline->then(Object(Closure))
#59 /home/visioninternatio/project/vision-international-backend/vendor/laravel/framework/src/Illuminate/Foundation/Http/Kernel.php(116): Illuminate\Foundation\Http\Kernel->sendRequestThroughRouter(Object(Illuminate\Http\Request))
#60 /home/visioninternatio/project/vision-international-backend/public/index.php(54): Illuminate\Foundation\Http\Kernel->handle(Object(Illuminate\Http\Request))
#61 {main}  
[2017-08-17 03:29:18] local.ERROR: exception 'PDOException' with message 'SQLSTATE[22001]: String data, right truncated: 1406 Data too long for column 'password' at row 1' in /home/visioninternatio/project/vision-international-backend/vendor/laravel/framework/src/Illuminate/Database/Connection.php:449
Stack trace:
#0 /home/visioninternatio/project/vision-international-backend/vendor/laravel/framework/src/Illuminate/Database/Connection.php(449): PDOStatement->execute()
#1 /home/visioninternatio/project/vision-international-backend/vendor/laravel/framework/src/Illuminate/Database/Connection.php(640): Illuminate\Database\Connection->Illuminate\Database\{closure}('insert into `us...', Array)
#2 /home/visioninternatio/project/vision-international-backend/vendor/laravel/framework/src/Illuminate/Database/Connection.php(607): Illuminate\Database\Connection->runQueryCallback('insert into `us...', Array, Object(Closure))
#3 /home/visioninternatio/project/vision-international-backend/vendor/laravel/framework/src/Illuminate/Database/Connection.php(450): Illuminate\Database\Connection->run('insert into `us...', Array, Object(Closure))
#4 /home/visioninternatio/project/vision-international-backend/vendor/laravel/framework/src/Illuminate/Database/Connection.php(404): Illuminate\Database\Connection->statement('insert into `us...', Array)
#5 /home/visioninternatio/project/vision-international-backend/vendor/laravel/framework/src/Illuminate/Database/Query/Processors/Processor.php(32): Illuminate\Database\Connection->insert('insert into `us...', Array)
#6 /home/visioninternatio/project/vision-international-backend/vendor/laravel/framework/src/Illuminate/Database/Query/Builder.php(2139): Illuminate\Database\Query\Processors\Processor->processInsertGetId(Object(Illuminate\Database\Query\Builder), 'insert into `us...', Array, 'id')
#7 /home/visioninternatio/project/vision-international-backend/vendor/laravel/framework/src/Illuminate/Database/Eloquent/Builder.php(1251): Illuminate\Database\Query\Builder->insertGetId(Array, 'id')
#8 /home/visioninternatio/project/vision-international-backend/vendor/laravel/framework/src/Illuminate/Database/Eloquent/Model.php(688): Illuminate\Database\Eloquent\Builder->__call('insertGetId', Array)
#9 /home/visioninternatio/project/vision-international-backend/vendor/laravel/framework/src/Illuminate/Database/Eloquent/Model.php(688): Illuminate\Database\Eloquent\Builder->insertGetId(Array, 'id')
#10 /home/visioninternatio/project/vision-international-backend/vendor/laravel/framework/src/Illuminate/Database/Eloquent/Model.php(653): Illuminate\Database\Eloquent\Model->insertAndSetId(Object(Illuminate\Database\Eloquent\Builder), Array)
#11 /home/visioninternatio/project/vision-international-backend/vendor/laravel/framework/src/Illuminate/Database/Eloquent/Model.php(522): Illuminate\Database\Eloquent\Model->performInsert(Object(Illuminate\Database\Eloquent\Builder))
#12 /home/visioninternatio/project/vision-international-backend/vendor/laravel/framework/src/Illuminate/Database/Eloquent/Builder.php(734): Illuminate\Database\Eloquent\Model->save()
#13 /home/visioninternatio/project/vision-international-backend/vendor/laravel/framework/src/Illuminate/Support/helpers.php(950): Illuminate\Database\Eloquent\Builder->Illuminate\Database\Eloquent\{closure}(Object(App\Models\Users))
#14 /home/visioninternatio/project/vision-international-backend/vendor/laravel/framework/src/Illuminate/Database/Eloquent/Builder.php(735): tap(Object(App\Models\Users), Object(Closure))
#15 /home/visioninternatio/project/vision-international-backend/vendor/laravel/framework/src/Illuminate/Database/Eloquent/Model.php(1372): Illuminate\Database\Eloquent\Builder->create(Array)
#16 /home/visioninternatio/project/vision-international-backend/vendor/laravel/framework/src/Illuminate/Database/Eloquent/Model.php(1384): Illuminate\Database\Eloquent\Model->__call('create', Array)
#17 /home/visioninternatio/project/vision-international-backend/vendor/laravel/framework/src/Illuminate/Database/Eloquent/Model.php(1384): App\Models\Users->create(Array)
#18 /home/visioninternatio/project/vision-international-backend/database/seeds/AdminSeeder.php(18): Illuminate\Database\Eloquent\Model::__callStatic('create', Array)
#19 /home/visioninternatio/project/vision-international-backend/database/seeds/AdminSeeder.php(18): App\Models\Users::create(Array)
#20 [internal function]: AdminSeeder->run()
#21 /home/visioninternatio/project/vision-international-backend/vendor/laravel/framework/src/Illuminate/Container/BoundMethod.php(30): call_user_func_array(Array, Array)
#22 /home/visioninternatio/project/vision-international-backend/vendor/laravel/framework/src/Illuminate/Container/BoundMethod.php(87): Illuminate\Container\BoundMethod::Illuminate\Container\{closure}()
#23 /home/visioninternatio/project/vision-international-backend/vendor/laravel/framework/src/Illuminate/Container/BoundMethod.php(31): Illuminate\Container\BoundMethod::callBoundMethod(Object(Illuminate\Foundation\Application), Array, Object(Closure))
#24 /home/visioninternatio/project/vision-international-backend/vendor/laravel/framework/src/Illuminate/Container/Container.php(539): Illuminate\Container\BoundMethod::call(Object(Illuminate\Foundation\Application), Array, Array, NULL)
#25 /home/visioninternatio/project/vision-international-backend/vendor/laravel/framework/src/Illuminate/Database/Seeder.php(114): Illuminate\Container\Container->call(Array)
#26 /home/visioninternatio/project/vision-international-backend/vendor/laravel/framework/src/Illuminate/Database/Console/Seeds/SeedCommand.php(63): Illuminate\Database\Seeder->__invoke()
#27 /home/visioninternatio/project/vision-international-backend/vendor/laravel/framework/src/Illuminate/Database/Eloquent/Concerns/GuardsAttributes.php(122): Illuminate\Database\Console\Seeds\SeedCommand->Illuminate\Database\Console\Seeds\{closure}()
#28 /home/visioninternatio/project/vision-international-backend/vendor/laravel/framework/src/Illuminate/Database/Console/Seeds/SeedCommand.php(64): Illuminate\Database\Eloquent\Model::unguarded(Object(Closure))
#29 [internal function]: Illuminate\Database\Console\Seeds\SeedCommand->fire()
#30 /home/visioninternatio/project/vision-international-backend/vendor/laravel/framework/src/Illuminate/Container/BoundMethod.php(30): call_user_func_array(Array, Array)
#31 /home/visioninternatio/project/vision-international-backend/vendor/laravel/framework/src/Illuminate/Container/BoundMethod.php(87): Illuminate\Container\BoundMethod::Illuminate\Container\{closure}()
#32 /home/visioninternatio/project/vision-international-backend/vendor/laravel/framework/src/Illuminate/Container/BoundMethod.php(31): Illuminate\Container\BoundMethod::callBoundMethod(Object(Illuminate\Foundation\Application), Array, Object(Closure))
#33 /home/visioninternatio/project/vision-international-backend/vendor/laravel/framework/src/Illuminate/Container/Container.php(539): Illuminate\Container\BoundMethod::call(Object(Illuminate\Foundation\Application), Array, Array, NULL)
#34 /home/visioninternatio/project/vision-international-backend/vendor/laravel/framework/src/Illuminate/Console/Command.php(182): Illuminate\Container\Container->call(Array)
#35 /home/visioninternatio/project/vision-international-backend/vendor/symfony/console/Command/Command.php(264): Illuminate\Console\Command->execute(Object(Symfony\Component\Console\Input\ArgvInput), Object(Illuminate\Console\OutputStyle))
#36 /home/visioninternatio/project/vision-international-backend/vendor/laravel/framework/src/Illuminate/Console/Command.php(168): Symfony\Component\Console\Command\Command->run(Object(Symfony\Component\Console\Input\ArgvInput), Object(Illuminate\Console\OutputStyle))
#37 /home/visioninternatio/project/vision-international-backend/vendor/symfony/console/Application.php(874): Illuminate\Console\Command->run(Object(Symfony\Component\Console\Input\ArgvInput), Object(Symfony\Component\Console\Output\ConsoleOutput))
#38 /home/visioninternatio/project/vision-international-backend/vendor/symfony/console/Application.php(228): Symfony\Component\Console\Application->doRunCommand(Object(Illuminate\Database\Console\Seeds\SeedCommand), Object(Symfony\Component\Console\Input\ArgvInput), Object(Symfony\Component\Console\Output\ConsoleOutput))
#39 /home/visioninternatio/project/vision-international-backend/vendor/symfony/console/Application.php(130): Symfony\Component\Console\Application->doRun(Object(Symfony\Component\Console\Input\ArgvInput), Object(Symfony\Component\Console\Output\ConsoleOutput))
#40 /home/visioninternatio/project/vision-international-backend/vendor/laravel/framework/src/Illuminate/Foundation/Console/Kernel.php(122): Symfony\Component\Console\Application->run(Object(Symfony\Component\Console\Input\ArgvInput), Object(Symfony\Component\Console\Output\ConsoleOutput))
#41 /home/visioninternatio/project/vision-international-backend/artisan(36): Illuminate\Foundation\Console\Kernel->handle(Object(Symfony\Component\Console\Input\ArgvInput), Object(Symfony\Component\Console\Output\ConsoleOutput))
#42 {main}

Next exception 'Illuminate\Database\QueryException' with message 'SQLSTATE[22001]: String data, right truncated: 1406 Data too long for column 'password' at row 1 (SQL: insert into `users` (`email`, `password`, `updated_at`, `created_at`) values (admin@visioninternational.com, $2y$10$C5PHaLy2KA9dPaZuB2Q81.g00KK5iXOk0HpE7gv0hDKbfwXLfrg0a, 2017-08-17 03:29:18, 2017-08-17 03:29:18))' in /home/visioninternatio/project/vision-international-backend/vendor/laravel/framework/src/Illuminate/Database/Connection.php:647
Stack trace:
#0 /home/visioninternatio/project/vision-international-backend/vendor/laravel/framework/src/Illuminate/Database/Connection.php(607): Illuminate\Database\Connection->runQueryCallback('insert into `us...', Array, Object(Closure))
#1 /home/visioninternatio/project/vision-international-backend/vendor/laravel/framework/src/Illuminate/Database/Connection.php(450): Illuminate\Database\Connection->run('insert into `us...', Array, Object(Closure))
#2 /home/visioninternatio/project/vision-international-backend/vendor/laravel/framework/src/Illuminate/Database/Connection.php(404): Illuminate\Database\Connection->statement('insert into `us...', Array)
#3 /home/visioninternatio/project/vision-international-backend/vendor/laravel/framework/src/Illuminate/Database/Query/Processors/Processor.php(32): Illuminate\Database\Connection->insert('insert into `us...', Array)
#4 /home/visioninternatio/project/vision-international-backend/vendor/laravel/framework/src/Illuminate/Database/Query/Builder.php(2139): Illuminate\Database\Query\Processors\Processor->processInsertGetId(Object(Illuminate\Database\Query\Builder), 'insert into `us...', Array, 'id')
#5 /home/visioninternatio/project/vision-international-backend/vendor/laravel/framework/src/Illuminate/Database/Eloquent/Builder.php(1251): Illuminate\Database\Query\Builder->insertGetId(Array, 'id')
#6 /home/visioninternatio/project/vision-international-backend/vendor/laravel/framework/src/Illuminate/Database/Eloquent/Model.php(688): Illuminate\Database\Eloquent\Builder->__call('insertGetId', Array)
#7 /home/visioninternatio/project/vision-international-backend/vendor/laravel/framework/src/Illuminate/Database/Eloquent/Model.php(688): Illuminate\Database\Eloquent\Builder->insertGetId(Array, 'id')
#8 /home/visioninternatio/project/vision-international-backend/vendor/laravel/framework/src/Illuminate/Database/Eloquent/Model.php(653): Illuminate\Database\Eloquent\Model->insertAndSetId(Object(Illuminate\Database\Eloquent\Builder), Array)
#9 /home/visioninternatio/project/vision-international-backend/vendor/laravel/framework/src/Illuminate/Database/Eloquent/Model.php(522): Illuminate\Database\Eloquent\Model->performInsert(Object(Illuminate\Database\Eloquent\Builder))
#10 /home/visioninternatio/project/vision-international-backend/vendor/laravel/framework/src/Illuminate/Database/Eloquent/Builder.php(734): Illuminate\Database\Eloquent\Model->save()
#11 /home/visioninternatio/project/vision-international-backend/vendor/laravel/framework/src/Illuminate/Support/helpers.php(950): Illuminate\Database\Eloquent\Builder->Illuminate\Database\Eloquent\{closure}(Object(App\Models\Users))
#12 /home/visioninternatio/project/vision-international-backend/vendor/laravel/framework/src/Illuminate/Database/Eloquent/Builder.php(735): tap(Object(App\Models\Users), Object(Closure))
#13 /home/visioninternatio/project/vision-international-backend/vendor/laravel/framework/src/Illuminate/Database/Eloquent/Model.php(1372): Illuminate\Database\Eloquent\Builder->create(Array)
#14 /home/visioninternatio/project/vision-international-backend/vendor/laravel/framework/src/Illuminate/Database/Eloquent/Model.php(1384): Illuminate\Database\Eloquent\Model->__call('create', Array)
#15 /home/visioninternatio/project/vision-international-backend/vendor/laravel/framework/src/Illuminate/Database/Eloquent/Model.php(1384): App\Models\Users->create(Array)
#16 /home/visioninternatio/project/vision-international-backend/database/seeds/AdminSeeder.php(18): Illuminate\Database\Eloquent\Model::__callStatic('create', Array)
#17 /home/visioninternatio/project/vision-international-backend/database/seeds/AdminSeeder.php(18): App\Models\Users::create(Array)
#18 [internal function]: AdminSeeder->run()
#19 /home/visioninternatio/project/vision-international-backend/vendor/laravel/framework/src/Illuminate/Container/BoundMethod.php(30): call_user_func_array(Array, Array)
#20 /home/visioninternatio/project/vision-international-backend/vendor/laravel/framework/src/Illuminate/Container/BoundMethod.php(87): Illuminate\Container\BoundMethod::Illuminate\Container\{closure}()
#21 /home/visioninternatio/project/vision-international-backend/vendor/laravel/framework/src/Illuminate/Container/BoundMethod.php(31): Illuminate\Container\BoundMethod::callBoundMethod(Object(Illuminate\Foundation\Application), Array, Object(Closure))
#22 /home/visioninternatio/project/vision-international-backend/vendor/laravel/framework/src/Illuminate/Container/Container.php(539): Illuminate\Container\BoundMethod::call(Object(Illuminate\Foundation\Application), Array, Array, NULL)
#23 /home/visioninternatio/project/vision-international-backend/vendor/laravel/framework/src/Illuminate/Database/Seeder.php(114): Illuminate\Container\Container->call(Array)
#24 /home/visioninternatio/project/vision-international-backend/vendor/laravel/framework/src/Illuminate/Database/Console/Seeds/SeedCommand.php(63): Illuminate\Database\Seeder->__invoke()
#25 /home/visioninternatio/project/vision-international-backend/vendor/laravel/framework/src/Illuminate/Database/Eloquent/Concerns/GuardsAttributes.php(122): Illuminate\Database\Console\Seeds\SeedCommand->Illuminate\Database\Console\Seeds\{closure}()
#26 /home/visioninternatio/project/vision-international-backend/vendor/laravel/framework/src/Illuminate/Database/Console/Seeds/SeedCommand.php(64): Illuminate\Database\Eloquent\Model::unguarded(Object(Closure))
#27 [internal function]: Illuminate\Database\Console\Seeds\SeedCommand->fire()
#28 /home/visioninternatio/project/vision-international-backend/vendor/laravel/framework/src/Illuminate/Container/BoundMethod.php(30): call_user_func_array(Array, Array)
#29 /home/visioninternatio/project/vision-international-backend/vendor/laravel/framework/src/Illuminate/Container/BoundMethod.php(87): Illuminate\Container\BoundMethod::Illuminate\Container\{closure}()
#30 /home/visioninternatio/project/vision-international-backend/vendor/laravel/framework/src/Illuminate/Container/BoundMethod.php(31): Illuminate\Container\BoundMethod::callBoundMethod(Object(Illuminate\Foundation\Application), Array, Object(Closure))
#31 /home/visioninternatio/project/vision-international-backend/vendor/laravel/framework/src/Illuminate/Container/Container.php(539): Illuminate\Container\BoundMethod::call(Object(Illuminate\Foundation\Application), Array, Array, NULL)
#32 /home/visioninternatio/project/vision-international-backend/vendor/laravel/framework/src/Illuminate/Console/Command.php(182): Illuminate\Container\Container->call(Array)
#33 /home/visioninternatio/project/vision-international-backend/vendor/symfony/console/Command/Command.php(264): Illuminate\Console\Command->execute(Object(Symfony\Component\Console\Input\ArgvInput), Object(Illuminate\Console\OutputStyle))
#34 /home/visioninternatio/project/vision-international-backend/vendor/laravel/framework/src/Illuminate/Console/Command.php(168): Symfony\Component\Console\Command\Command->run(Object(Symfony\Component\Console\Input\ArgvInput), Object(Illuminate\Console\OutputStyle))
#35 /home/visioninternatio/project/vision-international-backend/vendor/symfony/console/Application.php(874): Illuminate\Console\Command->run(Object(Symfony\Component\Console\Input\ArgvInput), Object(Symfony\Component\Console\Output\ConsoleOutput))
#36 /home/visioninternatio/project/vision-international-backend/vendor/symfony/console/Application.php(228): Symfony\Component\Console\Application->doRunCommand(Object(Illuminate\Database\Console\Seeds\SeedCommand), Object(Symfony\Component\Console\Input\ArgvInput), Object(Symfony\Component\Console\Output\ConsoleOutput))
#37 /home/visioninternatio/project/vision-international-backend/vendor/symfony/console/Application.php(130): Symfony\Component\Console\Application->doRun(Object(Symfony\Component\Console\Input\ArgvInput), Object(Symfony\Component\Console\Output\ConsoleOutput))
#38 /home/visioninternatio/project/vision-international-backend/vendor/laravel/framework/src/Illuminate/Foundation/Console/Kernel.php(122): Symfony\Component\Console\Application->run(Object(Symfony\Component\Console\Input\ArgvInput), Object(Symfony\Component\Console\Output\ConsoleOutput))
#39 /home/visioninternatio/project/vision-international-backend/artisan(36): Illuminate\Foundation\Console\Kernel->handle(Object(Symfony\Component\Console\Input\ArgvInput), Object(Symfony\Component\Console\Output\ConsoleOutput))
#40 {main}  
